Watching for file changes with StatReloader
/Users/priyashah/Desktop/miniproject/backend/venv/lib/python3.9/site-packages/urllib3/__init__.py:35: NotOpenSSLWarning: urllib3 v2 only supports OpenSSL 1.1.1+, currently the 'ssl' module is compiled with 'LibreSSL 2.8.3'. See: https://github.com/urllib3/urllib3/issues/3020
  warnings.warn(
System check identified some issues:

WARNINGS:
consultation.ChatMessage: (models.W042) Auto-created primary key used when not defining a primary key type, by default 'django.db.models.AutoField'.
	HINT: Configure the DEFAULT_AUTO_FIELD setting or the ConsultationConfig.default_auto_field attribute to point to a subclass of AutoField, e.g. 'django.db.models.BigAutoField'.
consultation.Consultation: (models.W042) Auto-created primary key used when not defining a primary key type, by default 'django.db.models.AutoField'.
	HINT: Configure the DEFAULT_AUTO_FIELD setting or the ConsultationConfig.default_auto_field attribute to point to a subclass of AutoField, e.g. 'django.db.models.BigAutoField'.
prediction.Prediction: (models.W042) Auto-created primary key used when not defining a primary key type, by default 'django.db.models.AutoField'.
	HINT: Configure the DEFAULT_AUTO_FIELD setting or the PredictionConfig.default_auto_field attribute to point to a subclass of AutoField, e.g. 'django.db.models.BigAutoField'.
users.Doctor: (models.W042) Auto-created primary key used when not defining a primary key type, by default 'django.db.models.AutoField'.
	HINT: Configure the DEFAULT_AUTO_FIELD setting or the UsersConfig.default_auto_field attribute to point to a subclass of AutoField, e.g. 'django.db.models.BigAutoField'.
users.User: (models.W042) Auto-created primary key used when not defining a primary key type, by default 'django.db.models.AutoField'.
	HINT: Configure the DEFAULT_AUTO_FIELD setting or the UsersConfig.default_auto_field attribute to point to a subclass of AutoField, e.g. 'django.db.models.BigAutoField'.

System check identified 5 issues (0 silenced).
Not Found: /
[06/Apr/2026 10:33:28] "HEAD / HTTP/1.1" 404 0
[06/Apr/2026 10:33:44] "POST /api/auth/jwt/create/ HTTP/1.1" 200 489
[06/Apr/2026 10:33:44] "GET /api/auth/users/me/ HTTP/1.1" 200 104
[06/Apr/2026 10:33:44] "GET /api/auth/users/me/ HTTP/1.1" 200 104
[06/Apr/2026 10:33:44] "GET /api/prediction/history/ HTTP/1.1" 200 468
/Users/priyashah/Desktop/miniproject/backend/prediction/views.py:51: PerformanceWarning: DataFrame is highly fragmented.  This is usually the result of calling `frame.insert` many times, which has poor performance.  Consider joining all columns at once using pd.concat(axis=1) instead. To get a de-fragmented frame, use `newframe = frame.copy()`
  input_data[feature] = 0
/Users/priyashah/Desktop/miniproject/backend/prediction/views.py:51: PerformanceWarning: DataFrame is highly fragmented.  This is usually the result of calling `frame.insert` many times, which has poor performance.  Consider joining all columns at once using pd.concat(axis=1) instead. To get a de-fragmented frame, use `newframe = frame.copy()`
  input_data[feature] = 0
/Users/priyashah/Desktop/miniproject/backend/prediction/views.py:51: PerformanceWarning: DataFrame is highly fragmented.  This is usually the result of calling `frame.insert` many times, which has poor performance.  Consider joining all columns at once using pd.concat(axis=1) instead. To get a de-fragmented frame, use `newframe = frame.copy()`
  input_data[feature] = 0
/Users/priyashah/Desktop/miniproject/backend/prediction/views.py:51: PerformanceWarning: DataFrame is highly fragmented.  This is usually the result of calling `frame.insert` many times, which has poor performance.  Consider joining all columns at once using pd.concat(axis=1) instead. To get a de-fragmented frame, use `newframe = frame.copy()`
  input_data[feature] = 0
/Users/priyashah/Desktop/miniproject/backend/prediction/views.py:51: PerformanceWarning: DataFrame is highly fragmented.  This is usually the result of calling `frame.insert` many times, which has poor performance.  Consider joining all columns at once using pd.concat(axis=1) instead. To get a de-fragmented frame, use `newframe = frame.copy()`
  input_data[feature] = 0
/Users/priyashah/Desktop/miniproject/backend/prediction/views.py:51: PerformanceWarning: DataFrame is highly fragmented.  This is usually the result of calling `frame.insert` many times, which has poor performance.  Consider joining all columns at once using pd.concat(axis=1) instead. To get a de-fragmented frame, use `newframe = frame.copy()`
  input_data[feature] = 0
/Users/priyashah/Desktop/miniproject/backend/prediction/views.py:51: PerformanceWarning: DataFrame is highly fragmented.  This is usually the result of calling `frame.insert` many times, which has poor performance.  Consider joining all columns at once using pd.concat(axis=1) instead. To get a de-fragmented frame, use `newframe = frame.copy()`
  input_data[feature] = 0
/Users/priyashah/Desktop/miniproject/backend/prediction/views.py:51: PerformanceWarning: DataFrame is highly fragmented.  This is usually the result of calling `frame.insert` many times, which has poor performance.  Consider joining all columns at once using pd.concat(axis=1) instead. To get a de-fragmented frame, use `newframe = frame.copy()`
  input_data[feature] = 0
/Users/priyashah/Desktop/miniproject/backend/prediction/views.py:51: PerformanceWarning: DataFrame is highly fragmented.  This is usually the result of calling `frame.insert` many times, which has poor performance.  Consider joining all columns at once using pd.concat(axis=1) instead. To get a de-fragmented frame, use `newframe = frame.copy()`
  input_data[feature] = 0
/Users/priyashah/Desktop/miniproject/backend/prediction/views.py:51: PerformanceWarning: DataFrame is highly fragmented.  This is usually the result of calling `frame.insert` many times, which has poor performance.  Consider joining all columns at once using pd.concat(axis=1) instead. To get a de-fragmented frame, use `newframe = frame.copy()`
  input_data[feature] = 0
/Users/priyashah/Desktop/miniproject/backend/prediction/views.py:51: PerformanceWarning: DataFrame is highly fragmented.  This is usually the result of calling `frame.insert` many times, which has poor performance.  Consider joining all columns at once using pd.concat(axis=1) instead. To get a de-fragmented frame, use `newframe = frame.copy()`
  input_data[feature] = 0
/Users/priyashah/Desktop/miniproject/backend/prediction/views.py:51: PerformanceWarning: DataFrame is highly fragmented.  This is usually the result of calling `frame.insert` many times, which has poor performance.  Consider joining all columns at once using pd.concat(axis=1) instead. To get a de-fragmented frame, use `newframe = frame.copy()`
  input_data[feature] = 0
/Users/priyashah/Desktop/miniproject/backend/prediction/views.py:51: PerformanceWarning: DataFrame is highly fragmented.  This is usually the result of calling `frame.insert` many times, which has poor performance.  Consider joining all columns at once using pd.concat(axis=1) instead. To get a de-fragmented frame, use `newframe = frame.copy()`
  input_data[feature] = 0
/Users/priyashah/Desktop/miniproject/backend/prediction/views.py:51: PerformanceWarning: DataFrame is highly fragmented.  This is usually the result of calling `frame.insert` many times, which has poor performance.  Consider joining all columns at once using pd.concat(axis=1) instead. To get a de-fragmented frame, use `newframe = frame.copy()`
  input_data[feature] = 0
/Users/priyashah/Desktop/miniproject/backend/prediction/views.py:51: PerformanceWarning: DataFrame is highly fragmented.  This is usually the result of calling `frame.insert` many times, which has poor performance.  Consider joining all columns at once using pd.concat(axis=1) instead. To get a de-fragmented frame, use `newframe = frame.copy()`
  input_data[feature] = 0
/Users/priyashah/Desktop/miniproject/backend/prediction/views.py:51: PerformanceWarning: DataFrame is highly fragmented.  This is usually the result of calling `frame.insert` many times, which has poor performance.  Consider joining all columns at once using pd.concat(axis=1) instead. To get a de-fragmented frame, use `newframe = frame.copy()`
  input_data[feature] = 0
/Users/priyashah/Desktop/miniproject/backend/prediction/views.py:51: PerformanceWarning: DataFrame is highly fragmented.  This is usually the result of calling `frame.insert` many times, which has poor performance.  Consider joining all columns at once using pd.concat(axis=1) instead. To get a de-fragmented frame, use `newframe = frame.copy()`
  input_data[feature] = 0
/Users/priyashah/Desktop/miniproject/backend/prediction/views.py:51: PerformanceWarning: DataFrame is highly fragmented.  This is usually the result of calling `frame.insert` many times, which has poor performance.  Consider joining all columns at once using pd.concat(axis=1) instead. To get a de-fragmented frame, use `newframe = frame.copy()`
  input_data[feature] = 0
/Users/priyashah/Desktop/miniproject/backend/prediction/views.py:51: PerformanceWarning: DataFrame is highly fragmented.  This is usually the result of calling `frame.insert` many times, which has poor performance.  Consider joining all columns at once using pd.concat(axis=1) instead. To get a de-fragmented frame, use `newframe = frame.copy()`
  input_data[feature] = 0
/Users/priyashah/Desktop/miniproject/backend/prediction/views.py:51: PerformanceWarning: DataFrame is highly fragmented.  This is usually the result of calling `frame.insert` many times, which has poor performance.  Consider joining all columns at once using pd.concat(axis=1) instead. To get a de-fragmented frame, use `newframe = frame.copy()`
  input_data[feature] = 0
/Users/priyashah/Desktop/miniproject/backend/prediction/views.py:51: PerformanceWarning: DataFrame is highly fragmented.  This is usually the result of calling `frame.insert` many times, which has poor performance.  Consider joining all columns at once using pd.concat(axis=1) instead. To get a de-fragmented frame, use `newframe = frame.copy()`
  input_data[feature] = 0
/Users/priyashah/Desktop/miniproject/backend/prediction/views.py:51: PerformanceWarning: DataFrame is highly fragmented.  This is usually the result of calling `frame.insert` many times, which has poor performance.  Consider joining all columns at once using pd.concat(axis=1) instead. To get a de-fragmented frame, use `newframe = frame.copy()`
  input_data[feature] = 0
/Users/priyashah/Desktop/miniproject/backend/prediction/views.py:51: PerformanceWarning: DataFrame is highly fragmented.  This is usually the result of calling `frame.insert` many times, which has poor performance.  Consider joining all columns at once using pd.concat(axis=1) instead. To get a de-fragmented frame, use `newframe = frame.copy()`
  input_data[feature] = 0
/Users/priyashah/Desktop/miniproject/backend/prediction/views.py:51: PerformanceWarning: DataFrame is highly fragmented.  This is usually the result of calling `frame.insert` many times, which has poor performance.  Consider joining all columns at once using pd.concat(axis=1) instead. To get a de-fragmented frame, use `newframe = frame.copy()`
  input_data[feature] = 0
/Users/priyashah/Desktop/miniproject/backend/prediction/views.py:51: PerformanceWarning: DataFrame is highly fragmented.  This is usually the result of calling `frame.insert` many times, which has poor performance.  Consider joining all columns at once using pd.concat(axis=1) instead. To get a de-fragmented frame, use `newframe = frame.copy()`
  input_data[feature] = 0
/Users/priyashah/Desktop/miniproject/backend/prediction/views.py:51: PerformanceWarning: DataFrame is highly fragmented.  This is usually the result of calling `frame.insert` many times, which has poor performance.  Consider joining all columns at once using pd.concat(axis=1) instead. To get a de-fragmented frame, use `newframe = frame.copy()`
  input_data[feature] = 0
/Users/priyashah/Desktop/miniproject/backend/prediction/views.py:51: PerformanceWarning: DataFrame is highly fragmented.  This is usually the result of calling `frame.insert` many times, which has poor performance.  Consider joining all columns at once using pd.concat(axis=1) instead. To get a de-fragmented frame, use `newframe = frame.copy()`
  input_data[feature] = 0
/Users/priyashah/Desktop/miniproject/backend/prediction/views.py:51: PerformanceWarning: DataFrame is highly fragmented.  This is usually the result of calling `frame.insert` many times, which has poor performance.  Consider joining all columns at once using pd.concat(axis=1) instead. To get a de-fragmented frame, use `newframe = frame.copy()`
  input_data[feature] = 0
/Users/priyashah/Desktop/miniproject/backend/prediction/views.py:51: PerformanceWarning: DataFrame is highly fragmented.  This is usually the result of calling `frame.insert` many times, which has poor performance.  Consider joining all columns at once using pd.concat(axis=1) instead. To get a de-fragmented frame, use `newframe = frame.copy()`
  input_data[feature] = 0
/Users/priyashah/Desktop/miniproject/backend/prediction/views.py:51: PerformanceWarning: DataFrame is highly fragmented.  This is usually the result of calling `frame.insert` many times, which has poor performance.  Consider joining all columns at once using pd.concat(axis=1) instead. To get a de-fragmented frame, use `newframe = frame.copy()`
  input_data[feature] = 0
/Users/priyashah/Desktop/miniproject/backend/prediction/views.py:51: PerformanceWarning: DataFrame is highly fragmented.  This is usually the result of calling `frame.insert` many times, which has poor performance.  Consider joining all columns at once using pd.concat(axis=1) instead. To get a de-fragmented frame, use `newframe = frame.copy()`
  input_data[feature] = 0
/Users/priyashah/Desktop/miniproject/backend/prediction/views.py:51: PerformanceWarning: DataFrame is highly fragmented.  This is usually the result of calling `frame.insert` many times, which has poor performance.  Consider joining all columns at once using pd.concat(axis=1) instead. To get a de-fragmented frame, use `newframe = frame.copy()`
  input_data[feature] = 0
/Users/priyashah/Desktop/miniproject/backend/prediction/views.py:51: PerformanceWarning: DataFrame is highly fragmented.  This is usually the result of calling `frame.insert` many times, which has poor performance.  Consider joining all columns at once using pd.concat(axis=1) instead. To get a de-fragmented frame, use `newframe = frame.copy()`
  input_data[feature] = 0
/Users/priyashah/Desktop/miniproject/backend/prediction/views.py:51: PerformanceWarning: DataFrame is highly fragmented.  This is usually the result of calling `frame.insert` many times, which has poor performance.  Consider joining all columns at once using pd.concat(axis=1) instead. To get a de-fragmented frame, use `newframe = frame.copy()`
  input_data[feature] = 0
/Users/priyashah/Desktop/miniproject/backend/prediction/views.py:51: PerformanceWarning: DataFrame is highly fragmented.  This is usually the result of calling `frame.insert` many times, which has poor performance.  Consider joining all columns at once using pd.concat(axis=1) instead. To get a de-fragmented frame, use `newframe = frame.copy()`
  input_data[feature] = 0
/Users/priyashah/Desktop/miniproject/backend/prediction/views.py:51: PerformanceWarning: DataFrame is highly fragmented.  This is usually the result of calling `frame.insert` many times, which has poor performance.  Consider joining all columns at once using pd.concat(axis=1) instead. To get a de-fragmented frame, use `newframe = frame.copy()`
  input_data[feature] = 0
/Users/priyashah/Desktop/miniproject/backend/prediction/views.py:51: PerformanceWarning: DataFrame is highly fragmented.  This is usually the result of calling `frame.insert` many times, which has poor performance.  Consider joining all columns at once using pd.concat(axis=1) instead. To get a de-fragmented frame, use `newframe = frame.copy()`
  input_data[feature] = 0
/Users/priyashah/Desktop/miniproject/backend/prediction/views.py:51: PerformanceWarning: DataFrame is highly fragmented.  This is usually the result of calling `frame.insert` many times, which has poor performance.  Consider joining all columns at once using pd.concat(axis=1) instead. To get a de-fragmented frame, use `newframe = frame.copy()`
  input_data[feature] = 0
[06/Apr/2026 10:33:50] "POST /api/prediction/predict/ HTTP/1.1" 200 46
[06/Apr/2026 10:33:53] "GET /api/users/doctors/ HTTP/1.1" 200 580
[06/Apr/2026 10:33:54] "OPTIONS /api/consultation/request/ HTTP/1.1" 200 0
[06/Apr/2026 10:33:54] "POST /api/consultation/request/ HTTP/1.1" 200 121
[06/Apr/2026 10:33:55] "POST /api/consultation/request/ HTTP/1.1" 200 121
Unauthorized: /api/users/doctors/
[06/Apr/2026 10:36:57] "GET /api/users/doctors/ HTTP/1.1" 401 172
Unauthorized: /api/users/doctors/
[06/Apr/2026 10:37:00] "GET /api/users/doctors/ HTTP/1.1" 401 172
[06/Apr/2026 10:37:02] "OPTIONS /api/auth/users/me/ HTTP/1.1" 200 0
Unauthorized: /api/auth/users/me/
[06/Apr/2026 10:37:02] "GET /api/auth/users/me/ HTTP/1.1" 401 172
[06/Apr/2026 10:37:11] "OPTIONS /api/auth/jwt/create/ HTTP/1.1" 200 0
[06/Apr/2026 10:37:12] "POST /api/auth/jwt/create/ HTTP/1.1" 200 489
[06/Apr/2026 10:37:12] "GET /api/auth/users/me/ HTTP/1.1" 200 103
[06/Apr/2026 10:37:12] "OPTIONS /api/users/admin-dashboard/ HTTP/1.1" 200 0
[06/Apr/2026 10:37:12] "GET /api/users/admin-dashboard/ HTTP/1.1" 200 121
[06/Apr/2026 10:37:12] "OPTIONS /api/users/all/ HTTP/1.1" 200 0
[06/Apr/2026 10:37:12] "GET /api/users/all/ HTTP/1.1" 200 478
[06/Apr/2026 10:37:12] "OPTIONS /api/consultation/payments/ HTTP/1.1" 200 0
[06/Apr/2026 10:37:12] "GET /api/consultation/payments/ HTTP/1.1" 200 2
[06/Apr/2026 10:39:50] "POST /api/auth/jwt/create/ HTTP/1.1" 200 489
[06/Apr/2026 10:39:50] "GET /api/auth/users/me/ HTTP/1.1" 200 103
[06/Apr/2026 10:39:50] "OPTIONS /api/users/admin-dashboard/ HTTP/1.1" 200 0
[06/Apr/2026 10:39:50] "GET /api/users/admin-dashboard/ HTTP/1.1" 200 121
[06/Apr/2026 10:39:50] "OPTIONS /api/users/all/ HTTP/1.1" 200 0
[06/Apr/2026 10:39:50] "GET /api/users/all/ HTTP/1.1" 200 478
[06/Apr/2026 10:39:50] "OPTIONS /api/consultation/payments/ HTTP/1.1" 200 0
[06/Apr/2026 10:39:50] "GET /api/consultation/payments/ HTTP/1.1" 200 2
[06/Apr/2026 10:59:11] "POST /api/auth/jwt/create/ HTTP/1.1" 200 489
[06/Apr/2026 10:59:11] "GET /api/auth/users/me/ HTTP/1.1" 200 295
[06/Apr/2026 10:59:11] "GET /api/auth/users/me/ HTTP/1.1" 200 295
[06/Apr/2026 10:59:11] "GET /api/users/availability/ HTTP/1.1" 200 21
[06/Apr/2026 10:59:11] "GET /api/consultation/history/ HTTP/1.1" 200 609
[06/Apr/2026 11:00:55] "GET /api/auth/users/me/ HTTP/1.1" 200 295
[06/Apr/2026 11:00:55] "GET /api/users/availability/ HTTP/1.1" 200 21
[06/Apr/2026 11:00:55] "GET /api/consultation/history/ HTTP/1.1" 200 609
[06/Apr/2026 11:01:05] "OPTIONS /api/auth/jwt/create/ HTTP/1.1" 200 0
[06/Apr/2026 11:01:05] "POST /api/auth/jwt/create/ HTTP/1.1" 200 489
[06/Apr/2026 11:01:05] "OPTIONS /api/auth/users/me/ HTTP/1.1" 200 0
[06/Apr/2026 11:01:05] "GET /api/auth/users/me/ HTTP/1.1" 200 104
[06/Apr/2026 11:01:05] "GET /api/auth/users/me/ HTTP/1.1" 200 104
[06/Apr/2026 11:01:05] "OPTIONS /api/prediction/history/ HTTP/1.1" 200 0
[06/Apr/2026 11:01:05] "GET /api/prediction/history/ HTTP/1.1" 200 614
[06/Apr/2026 11:01:08] "OPTIONS /api/users/doctors/ HTTP/1.1" 200 0
[06/Apr/2026 11:01:08] "GET /api/users/doctors/ HTTP/1.1" 200 580
[06/Apr/2026 11:01:09] "OPTIONS /api/consultation/request/ HTTP/1.1" 200 0
[06/Apr/2026 11:01:09] "POST /api/consultation/request/ HTTP/1.1" 200 121
/Users/priyashah/Desktop/miniproject/backend/consultation/views.py changed, reloading.
Performing system checks...

April 06, 2026 - 10:33:19
Django version 4.2.29, using settings 'core.settings'
Starting development server at http://0.0.0.0:8000/
Quit the server with CONTROL-C.

Watching for file changes with StatReloader
/Users/priyashah/Desktop/miniproject/backend/venv/lib/python3.9/site-packages/urllib3/__init__.py:35: NotOpenSSLWarning: urllib3 v2 only supports OpenSSL 1.1.1+, currently the 'ssl' module is compiled with 'LibreSSL 2.8.3'. See: https://github.com/urllib3/urllib3/issues/3020
  warnings.warn(
System check identified some issues:

WARNINGS:
consultation.ChatMessage: (models.W042) Auto-created primary key used when not defining a primary key type, by default 'django.db.models.AutoField'.
	HINT: Configure the DEFAULT_AUTO_FIELD setting or the ConsultationConfig.default_auto_field attribute to point to a subclass of AutoField, e.g. 'django.db.models.BigAutoField'.
consultation.Consultation: (models.W042) Auto-created primary key used when not defining a primary key type, by default 'django.db.models.AutoField'.
	HINT: Configure the DEFAULT_AUTO_FIELD setting or the ConsultationConfig.default_auto_field attribute to point to a subclass of AutoField, e.g. 'django.db.models.BigAutoField'.
prediction.Prediction: (models.W042) Auto-created primary key used when not defining a primary key type, by default 'django.db.models.AutoField'.
	HINT: Configure the DEFAULT_AUTO_FIELD setting or the PredictionConfig.default_auto_field attribute to point to a subclass of AutoField, e.g. 'django.db.models.BigAutoField'.
users.Doctor: (models.W042) Auto-created primary key used when not defining a primary key type, by default 'django.db.models.AutoField'.
	HINT: Configure the DEFAULT_AUTO_FIELD setting or the UsersConfig.default_auto_field attribute to point to a subclass of AutoField, e.g. 'django.db.models.BigAutoField'.
users.User: (models.W042) Auto-created primary key used when not defining a primary key type, by default 'django.db.models.AutoField'.
	HINT: Configure the DEFAULT_AUTO_FIELD setting or the UsersConfig.default_auto_field attribute to point to a subclass of AutoField, e.g. 'django.db.models.BigAutoField'.

System check identified 5 issues (0 silenced).
Not Found: /
[07/Apr/2026 09:19:10] "HEAD / HTTP/1.1" 404 0
/Users/priyashah/Desktop/miniproject/backend/core/settings.py changed, reloading.
Performing system checks...

April 06, 2026 - 11:03:27
Django version 4.2.29, using settings 'core.settings'
Starting development server at http://0.0.0.0:8000/
Quit the server with CONTROL-C.

Watching for file changes with StatReloader
/Users/priyashah/Desktop/miniproject/backend/venv/lib/python3.9/site-packages/urllib3/__init__.py:35: NotOpenSSLWarning: urllib3 v2 only supports OpenSSL 1.1.1+, currently the 'ssl' module is compiled with 'LibreSSL 2.8.3'. See: https://github.com/urllib3/urllib3/issues/3020
  warnings.warn(
System check identified some issues:

WARNINGS:
consultation.ChatMessage: (models.W042) Auto-created primary key used when not defining a primary key type, by default 'django.db.models.AutoField'.
	HINT: Configure the DEFAULT_AUTO_FIELD setting or the ConsultationConfig.default_auto_field attribute to point to a subclass of AutoField, e.g. 'django.db.models.BigAutoField'.
consultation.Consultation: (models.W042) Auto-created primary key used when not defining a primary key type, by default 'django.db.models.AutoField'.
	HINT: Configure the DEFAULT_AUTO_FIELD setting or the ConsultationConfig.default_auto_field attribute to point to a subclass of AutoField, e.g. 'django.db.models.BigAutoField'.
prediction.Prediction: (models.W042) Auto-created primary key used when not defining a primary key type, by default 'django.db.models.AutoField'.
	HINT: Configure the DEFAULT_AUTO_FIELD setting or the PredictionConfig.default_auto_field attribute to point to a subclass of AutoField, e.g. 'django.db.models.BigAutoField'.
users.Doctor: (models.W042) Auto-created primary key used when not defining a primary key type, by default 'django.db.models.AutoField'.
	HINT: Configure the DEFAULT_AUTO_FIELD setting or the UsersConfig.default_auto_field attribute to point to a subclass of AutoField, e.g. 'django.db.models.BigAutoField'.
users.User: (models.W042) Auto-created primary key used when not defining a primary key type, by default 'django.db.models.AutoField'.
	HINT: Configure the DEFAULT_AUTO_FIELD setting or the UsersConfig.default_auto_field attribute to point to a subclass of AutoField, e.g. 'django.db.models.BigAutoField'.

System check identified 5 issues (0 silenced).
/Users/priyashah/Desktop/miniproject/backend/core/settings.py changed, reloading.
Performing system checks...

April 07, 2026 - 09:26:21
Django version 4.2.29, using settings 'core.settings'
Starting development server at http://0.0.0.0:8000/
Quit the server with CONTROL-C.

Watching for file changes with StatReloader
/Users/priyashah/Desktop/miniproject/backend/venv/lib/python3.9/site-packages/urllib3/__init__.py:35: NotOpenSSLWarning: urllib3 v2 only supports OpenSSL 1.1.1+, currently the 'ssl' module is compiled with 'LibreSSL 2.8.3'. See: https://github.com/urllib3/urllib3/issues/3020
  warnings.warn(
System check identified some issues:

WARNINGS:
consultation.ChatMessage: (models.W042) Auto-created primary key used when not defining a primary key type, by default 'django.db.models.AutoField'.
	HINT: Configure the DEFAULT_AUTO_FIELD setting or the ConsultationConfig.default_auto_field attribute to point to a subclass of AutoField, e.g. 'django.db.models.BigAutoField'.
consultation.Consultation: (models.W042) Auto-created primary key used when not defining a primary key type, by default 'django.db.models.AutoField'.
	HINT: Configure the DEFAULT_AUTO_FIELD setting or the ConsultationConfig.default_auto_field attribute to point to a subclass of AutoField, e.g. 'django.db.models.BigAutoField'.
prediction.Prediction: (models.W042) Auto-created primary key used when not defining a primary key type, by default 'django.db.models.AutoField'.
	HINT: Configure the DEFAULT_AUTO_FIELD setting or the PredictionConfig.default_auto_field attribute to point to a subclass of AutoField, e.g. 'django.db.models.BigAutoField'.
users.Doctor: (models.W042) Auto-created primary key used when not defining a primary key type, by default 'django.db.models.AutoField'.
	HINT: Configure the DEFAULT_AUTO_FIELD setting or the UsersConfig.default_auto_field attribute to point to a subclass of AutoField, e.g. 'django.db.models.BigAutoField'.
users.User: (models.W042) Auto-created primary key used when not defining a primary key type, by default 'django.db.models.AutoField'.
	HINT: Configure the DEFAULT_AUTO_FIELD setting or the UsersConfig.default_auto_field attribute to point to a subclass of AutoField, e.g. 'django.db.models.BigAutoField'.

System check identified 5 issues (0 silenced).
/Users/priyashah/Desktop/miniproject/backend/consultation/views.py changed, reloading.
Performing system checks...

April 07, 2026 - 09:26:28
Django version 4.2.29, using settings 'core.settings'
Starting development server at http://0.0.0.0:8000/
Quit the server with CONTROL-C.

Watching for file changes with StatReloader
/Users/priyashah/Desktop/miniproject/backend/venv/lib/python3.9/site-packages/urllib3/__init__.py:35: NotOpenSSLWarning: urllib3 v2 only supports OpenSSL 1.1.1+, currently the 'ssl' module is compiled with 'LibreSSL 2.8.3'. See: https://github.com/urllib3/urllib3/issues/3020
  warnings.warn(
System check identified some issues:

WARNINGS:
consultation.ChatMessage: (models.W042) Auto-created primary key used when not defining a primary key type, by default 'django.db.models.AutoField'.
	HINT: Configure the DEFAULT_AUTO_FIELD setting or the ConsultationConfig.default_auto_field attribute to point to a subclass of AutoField, e.g. 'django.db.models.BigAutoField'.
consultation.Consultation: (models.W042) Auto-created primary key used when not defining a primary key type, by default 'django.db.models.AutoField'.
	HINT: Configure the DEFAULT_AUTO_FIELD setting or the ConsultationConfig.default_auto_field attribute to point to a subclass of AutoField, e.g. 'django.db.models.BigAutoField'.
prediction.Prediction: (models.W042) Auto-created primary key used when not defining a primary key type, by default 'django.db.models.AutoField'.
	HINT: Configure the DEFAULT_AUTO_FIELD setting or the PredictionConfig.default_auto_field attribute to point to a subclass of AutoField, e.g. 'django.db.models.BigAutoField'.
users.Doctor: (models.W042) Auto-created primary key used when not defining a primary key type, by default 'django.db.models.AutoField'.
	HINT: Configure the DEFAULT_AUTO_FIELD setting or the UsersConfig.default_auto_field attribute to point to a subclass of AutoField, e.g. 'django.db.models.BigAutoField'.
users.User: (models.W042) Auto-created primary key used when not defining a primary key type, by default 'django.db.models.AutoField'.
	HINT: Configure the DEFAULT_AUTO_FIELD setting or the UsersConfig.default_auto_field attribute to point to a subclass of AutoField, e.g. 'django.db.models.BigAutoField'.

System check identified 5 issues (0 silenced).
/Users/priyashah/Desktop/miniproject/backend/consultation/views.py changed, reloading.
Performing system checks...

April 07, 2026 - 09:26:35
Django version 4.2.29, using settings 'core.settings'
Starting development server at http://0.0.0.0:8000/
Quit the server with CONTROL-C.

Watching for file changes with StatReloader
/Users/priyashah/Desktop/miniproject/backend/venv/lib/python3.9/site-packages/urllib3/__init__.py:35: NotOpenSSLWarning: urllib3 v2 only supports OpenSSL 1.1.1+, currently the 'ssl' module is compiled with 'LibreSSL 2.8.3'. See: https://github.com/urllib3/urllib3/issues/3020
  warnings.warn(
System check identified some issues:

WARNINGS:
consultation.ChatMessage: (models.W042) Auto-created primary key used when not defining a primary key type, by default 'django.db.models.AutoField'.
	HINT: Configure the DEFAULT_AUTO_FIELD setting or the ConsultationConfig.default_auto_field attribute to point to a subclass of AutoField, e.g. 'django.db.models.BigAutoField'.
consultation.Consultation: (models.W042) Auto-created primary key used when not defining a primary key type, by default 'django.db.models.AutoField'.
	HINT: Configure the DEFAULT_AUTO_FIELD setting or the ConsultationConfig.default_auto_field attribute to point to a subclass of AutoField, e.g. 'django.db.models.BigAutoField'.
prediction.Prediction: (models.W042) Auto-created primary key used when not defining a primary key type, by default 'django.db.models.AutoField'.
	HINT: Configure the DEFAULT_AUTO_FIELD setting or the PredictionConfig.default_auto_field attribute to point to a subclass of AutoField, e.g. 'django.db.models.BigAutoField'.
users.Doctor: (models.W042) Auto-created primary key used when not defining a primary key type, by default 'django.db.models.AutoField'.
	HINT: Configure the DEFAULT_AUTO_FIELD setting or the UsersConfig.default_auto_field attribute to point to a subclass of AutoField, e.g. 'django.db.models.BigAutoField'.
users.User: (models.W042) Auto-created primary key used when not defining a primary key type, by default 'django.db.models.AutoField'.
	HINT: Configure the DEFAULT_AUTO_FIELD setting or the UsersConfig.default_auto_field attribute to point to a subclass of AutoField, e.g. 'django.db.models.BigAutoField'.

System check identified 5 issues (0 silenced).
